<?xml version="1.0" encoding="UTF-8"?>
<!-- Generated by org.testng.reporters.JUnitReportReporter -->
<testsuite hostname="HMECL002418" failures="0" tests="1" name="TestCases.Login" time="1.485" errors="0" timestamp="28 Sep 2020 18:05:50 GMT" skipped="0">
  <testcase classname="TestCases.Login" name="automationpractice004" time="1.485"/>
</testsuite> <!-- TestCases.Login -->
